<?xml version="1.0" encoding="UTF-8"?>
<testng-results skipped="0" failed="0" total="1" passed="1">
  <reporter-output>
  </reporter-output>
  <suite name="Default suite" duration-ms="9758" started-at="2019-12-29T09:36:44Z" finished-at="2019-12-29T09:36:54Z">
    <groups>
    </groups>
    <test name="Default test" duration-ms="9758" started-at="2019-12-29T09:36:44Z" finished-at="2019-12-29T09:36:54Z">
      <class name="TestCases.Homepage">
        <test-method status="PASS" signature="setUp()[pri:0, instance:TestCases.Homepage@26653222]" name="setUp" is-config="true" duration-ms="6593" started-at="2019-12-29T15:06:44Z" finished-at="2019-12-29T15:06:51Z">
          <reporter-output>
          </reporter-output>
        </test-method> <!-- setUp -->
        <test-method status="PASS" signature="LoginWithValidCred()[pri:0, instance:TestCases.Homepage@26653222]" name="LoginWithValidCred" duration-ms="2574" started-at="2019-12-29T15:06:51Z" finished-at="2019-12-29T15:06:54Z">
          <reporter-output>
          </reporter-output>
        </test-method> <!-- LoginWithValidCred -->
        <test-method status="PASS" signature="tearDown()[pri:0, instance:TestCases.Homepage@26653222]" name="tearDown" is-config="true" duration-ms="579" started-at="2019-12-29T15:06:54Z" finished-at="2019-12-29T15:06:54Z">
          <reporter-output>
          </reporter-output>
        </test-method> <!-- tearDown -->
      </class> <!-- TestCases.Homepage -->
    </test> <!-- Default test -->
  </suite> <!-- Default suite -->
</testng-results>
